#
# There is insufficient memory for the Java Runtime Environment to continue.
# Native memory allocation (mmap) failed to map 264241152 bytes. Error detail: G1 virtual space
# Possible reasons:
#   The system is out of physical RAM or swap space
#   This process is running with CompressedOops enabled, and the Java Heap may be blocking the growth of the native heap
# Possible solutions:
#   Reduce memory load on the system
#   Increase physical memory or swap space
#   Check if swap backing store is full
#   Decrease Java heap size (-Xmx/-Xms)
#   Decrease number of Java threads
#   Decrease Java thread stack sizes (-Xss)
#   Set larger code cache with -XX:ReservedCodeCacheSize=
#   JVM is running with Zero Based Compressed Oops mode in which the Java heap is
#     placed in the first 32GB address space. The Java Heap base address is the
#     maximum limit for the native heap growth. Please use -XX:HeapBaseMinAddress
#     to set the Java Heap base and to place the Java Heap above 32GB virtual address.
# This output file may be truncated or incomplete.
#
#  Out of Memory Error (os_windows.cpp:3616), pid=15144, tid=13060
#
# JRE version:  (21.0.5+11) (build )
# Java VM: OpenJDK 64-Bit Server VM (21.0.5+11-LTS, mixed mode, emulated-client, sharing, tiered, compressed oops, compressed class ptrs, g1 gc, windows-amd64)
# No core dump will be written. Minidumps are not enabled by default on client versions of Windows
#

---------------  S U M M A R Y ------------

Command Line: -XX:TieredStopAtLevel=1 -Dspring.output.ansi.enabled=always -Dcom.sun.management.jmxremote -Dspring.jmx.enabled=true -Dspring.liveBeansView.mbeanDomain -Dspring.application.admin.enabled=true -Dmanagement.endpoints.jmx.exposure.include=* -javaagent:C:\Program Files\JetBrains\IntelliJ IDEA 2024.2.4\lib\idea_rt.jar=52520:C:\Program Files\JetBrains\IntelliJ IDEA 2024.2.4\bin -Dfile.encoding=UTF-8 -Dsun.stdout.encoding=UTF-8 -Dsun.stderr.encoding=UTF-8 com.example.bluetech.BluetechApplication

Host: 11th Gen Intel(R) Core(TM) i5-1135G7 @ 2.40GHz, 8 cores, 15G,  Windows 11 , 64 bit Build 22621 (10.0.22621.2070)
Time: Wed Apr 16 16:30:24 2025 SE Asia Standard Time elapsed time: 0.041043 seconds (0d 0h 0m 0s)

---------------  T H R E A D  ---------------

Current thread (0x00000213be7de160):  JavaThread "Unknown thread" [_thread_in_vm, id=13060, stack(0x0000002575300000,0x0000002575400000) (1024K)]

Stack: [0x0000002575300000,0x0000002575400000]
Native frames: (J=compiled Java code, j=interpreted, Vv=VM code, C=native code)
V  [jvm.dll+0x6d9b69]
V  [jvm.dll+0x8b6073]
V  [jvm.dll+0x8b83ce]
V  [jvm.dll+0x8b8ab3]
V  [jvm.dll+0x286226]
V  [jvm.dll+0x6d62e5]
V  [jvm.dll+0x6ca94a]
V  [jvm.dll+0x35f47b]
V  [jvm.dll+0x367046]
V  [jvm.dll+0x3b92a6]
V  [jvm.dll+0x3b9578]
V  [jvm.dll+0x332b6c]
V  [jvm.dll+0x33385b]
V  [jvm.dll+0x87e359]
V  [jvm.dll+0x3c6461]
V  [jvm.dll+0x867673]
V  [jvm.dll+0x45a37e]
V  [jvm.dll+0x45c001]
C  [jli.dll+0x52ab]
C  [ucrtbase.dll+0x29363]
C  [KERNEL32.DLL+0x126ad]
C  [ntdll.dll+0x5aa68]


---------------  P R O C E S S  ---------------

Threads class SMR info:
_java_thread_list=0x00007ffc4e0e8088, length=0, elements={
}

Java Threads: ( => current thread )
Total: 0

Other Threads:
  0x00000213beacecf0 WorkerThread "GC Thread#0"                     [id=15220, stack(0x0000002575400000,0x0000002575500000) (1024K)]
  0x00000213beadf8a0 ConcurrentGCThread "G1 Main Marker"            [id=13064, stack(0x0000002575500000,0x0000002575600000) (1024K)]
  0x00000213beae06b0 WorkerThread "G1 Conc#0"                       [id=14872, stack(0x0000002575600000,0x0000002575700000) (1024K)]

[error occurred during error reporting (printing all threads), id 0xc0000005, EXCEPTION_ACCESS_VIOLATION (0xc0000005) at pc=0x00007ffc4d7e5c27]
VM state: not at safepoint (not fully initialized)

VM Mutex/Monitor currently owned by a thread:  ([mutex/lock_event])
[0x00007ffc4e15c420] Heap_lock - owner thread: 0x00000213be7de160

Heap address: 0x0000000704200000, size: 4030 MB, Compressed Oops mode: Zero based, Oop shift amount: 3

CDS archive(s) mapped at: [0x0000000000000000-0x0000000000000000-0x0000000000000000), size 0, SharedBaseAddress: 0x0000000800000000, ArchiveRelocationMode: 1.
Narrow klass base: 0x0000000000000000, Narrow klass shift: 0, Narrow klass range: 0x0

GC Precious Log:
 CardTable entry size: 512
 Card Set container configuration: InlinePtr #cards 4 size 8 Array Of Cards #cards 16 size 48 Howl #buckets 8 coarsen threshold 3686 Howl Bitmap #cards 512 size 80 coarsen threshold 460 Card regions per heap region 1 cards per card region 4096

Heap:
 garbage-first heap   total 0K, used 0K [0x0000000704200000, 0x0000000800000000)
  region size 2048K, 0 young (0K), 0 survivors (0K)

[error occurred during error reporting (printing heap information), id 0xc0000005, EXCEPTION_ACCESS_VIOLATION (0xc0000005) at pc=0x00007ffc4dbd3569]
GC Heap History (0 events):
No events

Dll operation events (1 events):
Event: 0.030 Loaded shared library C:\Users\win10pro\.jdks\corretto-21.0.5\bin\java.dll

Deoptimization events (0 events):
No events

Classes loaded (0 events):
No events

Classes unloaded (0 events):
No events

Classes redefined (0 events):
No events

Internal exceptions (0 events):
No events

ZGC Phase Switch (0 events):
No events

VM Operations (0 events):
No events

Memory protections (0 events):
No events

Nmethod flushes (0 events):
No events

Events (0 events):
No events


Dynamic libraries:
0x00007ff76f7b0000 - 0x00007ff76f7be000 	C:\Users\win10pro\.jdks\corretto-21.0.5\bin\java.exe
0x00007ffcd2bd0000 - 0x00007ffcd2de4000 	C:\WINDOWS\SYSTEM32\ntdll.dll
0x00007ffcd1cd0000 - 0x00007ffcd1d94000 	C:\WINDOWS\System32\KERNEL32.DLL
0x00007ffcd00f0000 - 0x00007ffcd0494000 	C:\WINDOWS\System32\KERNELBASE.dll
0x00007ffcd04a0000 - 0x00007ffcd05b1000 	C:\WINDOWS\System32\ucrtbase.dll
0x00007ffcb28b0000 - 0x00007ffcb28c8000 	C:\Users\win10pro\.jdks\corretto-21.0.5\bin\jli.dll
0x00007ffcc7930000 - 0x00007ffcc794b000 	C:\Users\win10pro\.jdks\corretto-21.0.5\bin\VCRUNTIME140.dll
0x00007ffcd1f50000 - 0x00007ffcd20fa000 	C:\WINDOWS\System32\USER32.dll
0x00007ffcd05c0000 - 0x00007ffcd05e6000 	C:\WINDOWS\System32\win32u.dll
0x00007ffcba370000 - 0x00007ffcba5ff000 	C:\WINDOWS\WinSxS\amd64_microsoft.windows.common-controls_6595b64144ccf1df_6.0.22621.2070_none_2713e6537381f706\COMCTL32.dll
0x00007ffcd2b60000 - 0x00007ffcd2b89000 	C:\WINDOWS\System32\GDI32.dll
0x00007ffcd0700000 - 0x00007ffcd0819000 	C:\WINDOWS\System32\gdi32full.dll
0x00007ffcd0660000 - 0x00007ffcd06fa000 	C:\WINDOWS\System32\msvcp_win.dll
0x00007ffcd2800000 - 0x00007ffcd28a7000 	C:\WINDOWS\System32\msvcrt.dll
0x00007ffcd21b0000 - 0x00007ffcd21e1000 	C:\WINDOWS\System32\IMM32.DLL
0x00007ffcc3830000 - 0x00007ffcc383c000 	C:\Users\win10pro\.jdks\corretto-21.0.5\bin\vcruntime140_1.dll
0x00007ffc6cbf0000 - 0x00007ffc6cc7d000 	C:\Users\win10pro\.jdks\corretto-21.0.5\bin\msvcp140.dll
0x00007ffc4d4a0000 - 0x00007ffc4e23d000 	C:\Users\win10pro\.jdks\corretto-21.0.5\bin\server\jvm.dll
0x00007ffcd21f0000 - 0x00007ffcd22a0000 	C:\WINDOWS\System32\ADVAPI32.dll
0x00007ffcd2380000 - 0x00007ffcd2426000 	C:\WINDOWS\System32\sechost.dll
0x00007ffcd2660000 - 0x00007ffcd2777000 	C:\WINDOWS\System32\RPCRT4.dll
0x00007ffcd2780000 - 0x00007ffcd27f1000 	C:\WINDOWS\System32\WS2_32.dll
0x00007ffcceea0000 - 0x00007ffcceeed000 	C:\WINDOWS\SYSTEM32\POWRPROF.dll
0x00007ffcc4360000 - 0x00007ffcc436a000 	C:\WINDOWS\SYSTEM32\VERSION.dll
0x00007ffcc65e0000 - 0x00007ffcc6614000 	C:\WINDOWS\SYSTEM32\WINMM.dll
0x00007ffccee80000 - 0x00007ffccee93000 	C:\WINDOWS\SYSTEM32\UMPDC.dll
0x00007ffccf0e0000 - 0x00007ffccf0f8000 	C:\WINDOWS\SYSTEM32\kernel.appcore.dll
0x00007ffcb2f90000 - 0x00007ffcb2f9a000 	C:\Users\win10pro\.jdks\corretto-21.0.5\bin\jimage.dll
0x00007ffccd160000 - 0x00007ffccd38e000 	C:\WINDOWS\SYSTEM32\DBGHELP.DLL
0x00007ffcd1940000 - 0x00007ffcd1cca000 	C:\WINDOWS\System32\combase.dll
0x00007ffcd1da0000 - 0x00007ffcd1e77000 	C:\WINDOWS\System32\OLEAUT32.dll
0x00007ffcb7ac0000 - 0x00007ffcb7af2000 	C:\WINDOWS\SYSTEM32\dbgcore.DLL
0x00007ffccffb0000 - 0x00007ffcd002a000 	C:\WINDOWS\System32\bcryptPrimitives.dll
0x00007ffc9ad60000 - 0x00007ffc9ad6e000 	C:\Users\win10pro\.jdks\corretto-21.0.5\bin\instrument.dll
0x00007ffcb2890000 - 0x00007ffcb28af000 	C:\Users\win10pro\.jdks\corretto-21.0.5\bin\java.dll

dbghelp: loaded successfully - version: 4.0.5 - missing functions: none
symbol engine: initialized successfully - sym options: 0x614 - pdb path: .;C:\Users\win10pro\.jdks\corretto-21.0.5\bin;C:\WINDOWS\SYSTEM32;C:\WINDOWS\WinSxS\amd64_microsoft.windows.common-controls_6595b64144ccf1df_6.0.22621.2070_none_2713e6537381f706;C:\Users\win10pro\.jdks\corretto-21.0.5\bin\server

VM Arguments:
jvm_args: -XX:TieredStopAtLevel=1 -Dspring.output.ansi.enabled=always -Dcom.sun.management.jmxremote -Dspring.jmx.enabled=true -Dspring.liveBeansView.mbeanDomain -Dspring.application.admin.enabled=true -Dmanagement.endpoints.jmx.exposure.include=* -javaagent:C:\Program Files\JetBrains\IntelliJ IDEA 2024.2.4\lib\idea_rt.jar=52520:C:\Program Files\JetBrains\IntelliJ IDEA 2024.2.4\bin -Dfile.encoding=UTF-8 -Dsun.stdout.encoding=UTF-8 -Dsun.stderr.encoding=UTF-8 
java_command: com.example.bluetech.BluetechApplication
java_class_path (initial): C:\Users\win10pro\LapTrinhJava\Mobile\bluetech\target\classes;C:\Users\win10pro\.m2\repository\org\springframework\boot\spring-boot-starter-data-mongodb\3.4.3\spring-boot-starter-data-mongodb-3.4.3.jar;C:\Users\win10pro\.m2\repository\org\springframework\boot\spring-boot-starter\3.4.3\spring-boot-starter-3.4.3.jar;C:\Users\win10pro\.m2\repository\org\springframework\boot\spring-boot\3.4.3\spring-boot-3.4.3.jar;C:\Users\win10pro\.m2\repository\org\springframework\boot\spring-boot-autoconfigure\3.4.3\spring-boot-autoconfigure-3.4.3.jar;C:\Users\win10pro\.m2\repository\org\springframework\boot\spring-boot-starter-logging\3.4.3\spring-boot-starter-logging-3.4.3.jar;C:\Users\win10pro\.m2\repository\ch\qos\logback\logback-classic\1.5.16\logback-classic-1.5.16.jar;C:\Users\win10pro\.m2\repository\ch\qos\logback\logback-core\1.5.16\logback-core-1.5.16.jar;C:\Users\win10pro\.m2\repository\org\apache\logging\log4j\log4j-to-slf4j\2.24.3\log4j-to-slf4j-2.24.3.jar;C:\Users\win10pro\.m2\repository\org\apache\logging\log4j\log4j-api\2.24.3\log4j-api-2.24.3.jar;C:\Users\win10pro\.m2\repository\org\slf4j\jul-to-slf4j\2.0.16\jul-to-slf4j-2.0.16.jar;C:\Users\win10pro\.m2\repository\jakarta\annotation\jakarta.annotation-api\2.1.1\jakarta.annotation-api-2.1.1.jar;C:\Users\win10pro\.m2\repository\org\yaml\snakeyaml\2.3\snakeyaml-2.3.jar;C:\Users\win10pro\.m2\repository\org\mongodb\mongodb-driver-sync\5.2.1\mongodb-driver-sync-5.2.1.jar;C:\Users\win10pro\.m2\repository\org\mongodb\bson\5.2.1\bson-5.2.1.jar;C:\Users\win10pro\.m2\repository\org\mongodb\mongodb-driver-core\5.2.1\mongodb-driver-core-5.2.1.jar;C:\Users\win10pro\.m2\repository\org\mongodb\bson-record-codec\5.2.1\bson-record-codec-5.2.1.jar;C:\Users\win10pro\.m2\repository\org\springframework\data\spring-data-mongodb\4.4.3\spring-data-mongodb-4.4.3.jar;C:\Users\win10pro\.m2\repository\org\springframework\spring-tx\6.2.3\spring-tx-6.2.3.jar;C:\Users\win10pro\.m2\repository\org\springframework\spring-context\6.2.3\spring-context-6.2.3.jar;C:\Users\win10pro\.m2\repository\org\springframework\spring-beans\6.2.3\spring-beans-6.2.3.jar;C:\Users\win10pro\.m2\repository\org\springframework\spring-expression\6.2.3\spring-expression-6.2.3.jar;C:\Users\win10pro\.m2\repository\org\springframework\data\spring-data-commons\3.4.3\spring-data-commons-3.4.3.jar;C:\Users\win10pro\.m2\repository\org\slf4j\slf4j-api\2.0.16\slf4j-api-2.0.16.jar;C:\Users\win10pro\.m2\repository\org\springframework\boot\spring-boot-starter-web\3.4.3\spring-boot-starter-web-3.4.3.jar;C:\Users\win10pro\.m2\repository\org\springframework\boot\spring-boot-starter-json\3.4.3\spring-boot-starter-json-3.4.3.jar;C:\Users\win10pro\.m2\repository\com\fasterxml\jackson\datatype\jackson-datatype-jdk8\2.18.2\jackson-datatype-jdk8-2.18.2.jar;C:\Users\win10pro\.m2\repository\com\fasterxml\jackson\datatype\jackson-datatype-jsr310\2.18.2\jackson-datatype-jsr310-2.18.2.jar;C:\Users\win10pro\.m2\repository\com\fasterxml\jackson\module\jackson-module-parameter-names\2.18.2\jackson-module-parameter-names-2.18.2.jar;C:\Users\win10pro\.m2\repository\org\springframework\boot\spring-boot-starter-tomcat\3.4.3\spring-boot-starter-tomcat-3.4.3.jar;C:\Users\win10pro\.m2\repository\org\apache\tomcat\embed\tomcat-embed-core\10.1.36\tomcat-embed-core-10.1.36.jar;C:\Users\win10pro\.m2\repository\org\apache\tomcat\embed\tomcat-embed-websocket\10.1.36\tomcat-embed-websocket-10.1.36.jar;C:\Users\win10pro\.m2\repository\org\springframework\spring-web\6.2.3\spring-web-6.2.3.jar;C:\Users\win10pro\.m2\repository\io\micrometer\micrometer-observation\1.14.4\micrometer-observation-1.14.4.jar;C:\Users\win10pro\.m2\repository\io\micrometer\micrometer-commons\1.14.4\micrometer-commons-1.14.4.jar;C:\Users\win10pro\.m2\repository\org\springframework\spring-webmvc\6.2.3\spring-webmvc-6.2.3.jar;C:\Users\win10pro\.m2\repository\org\projectlombok\lombok\1.18.36\lombok-1.18.36.jar;C:\Users\win10pro\.m2\repository\jakarta\activation\jakarta.activation-api\2.1.3\jakarta.activation-api-2.1.3.jar;C:\Users\win10pro\.m2\repository\org\springframework\spring-core\6.2.3\spring-core-6.2.3.jar;C:\Users\win10pro\.m2\repository\org\springframework\spring-jcl\6.2.3\spring-jcl-6.2.3.jar;C:\Users\win10pro\.m2\repository\software\amazon\awssdk\s3\2.30.38\s3-2.30.38.jar;C:\Users\win10pro\.m2\repository\software\amazon\awssdk\aws-xml-protocol\2.30.38\aws-xml-protocol-2.30.38.jar;C:\Users\win10pro\.m2\repository\software\amazon\awssdk\aws-query-protocol\2.30.38\aws-query-protocol-2.30.38.jar;C:\Users\win10pro\.m2\repository\software\amazon\awssdk\protocol-core\2.30.38\protocol-core-2.30.38.jar;C:\Users\win10pro\.m2\repository\software\amazon\awssdk\arns\2.30.38\arns-2.30.38.jar;C:\Users\win10pro\.m2\repository\software\amazon\awssdk\profiles\2.30.38\profiles-2.30.38.jar;C:\Users\win10pro\.m2\repository\software\amazon\awssdk\crt-core\2.30.38\crt-core-2.30.38.jar;C:\Users\win10pro\.m2\repository\software\amazon\awssdk\http-auth\2.30.38\http-auth-2.30.38.jar;C:\Users\win10pro\.m2\repository\software\amazon\awssdk\identity-spi\2.30.38\identity-spi-2.30.38.jar;C:\Users\win10pro\.m2\repository\software\amazon\awssdk\http-auth-spi\2.30.38\http-auth-spi-2.30.38.jar;C:\Users\win10pro\.m2\repository\org\reactivestreams\reactive-streams\1.0.4\reactive-streams-1.0.4.jar;C:\Users\win10pro\.m2\repository\software\amazon\awssdk\http-auth-aws\2.30.38\http-auth-aws-2.30.38.jar;C:\Users\win10pro\.m2\repository\software\amazon\awssdk\checksums\2.30.38\checksums-2.30.38.jar;C:\Users\win10pro\.m2\repository\software\amazon\awssdk\checksums-spi\2.30.38\checksums-spi-2.30.38.jar;C:\Users\win10pro\.m2\repository\software\amazon\awssdk\retries-spi\2.30.38\retries-spi-2.30.38.jar;C:\Users\win10pro\.m2\repository\software\amazon\awssdk\sdk-core\2.30.38\sdk-core-2.30.38.jar;C:\Users\win10pro\.m2\repository\software\amazon\awssdk\retries\2.30.38\retries-2.30.38.jar;C:\Users\win10pro\.m2\repository\software\amazon\awssdk\auth\2.30.38\auth-2.30.38.jar;C:\Users\win10pro\.m2\repository\software\amazon\awssdk\http-auth-aws-eventstream\2.30.38\http-auth-aws-eventstream-2.30.38.jar;C:\Users\win10pro\.m2\repository\software\amazon\eventstream\eventstream\1.0.1\eventstream-1.0.1.jar;C:\Users\win10pro\.m2\repository\software\amazon\awssdk\http-client-spi\2.30.38\http-client-spi-2.30.38.jar;C:\Users\win10pro\.m2\repository\software\amazon\awssdk\regions\2.30.38\regions-2.30.38.jar;C:\Users\win10pro\.m2\repository\software\amazon\awssdk\annotations\2.30.38\annotations-2.30.38.jar;C:\Users\win10pro\.m2\repository\software\amazon\awssdk\utils\2.30.38\utils-2.30.38.jar;C:\Users\win10pro\.m2\repository\software\amazon\awssdk\aws-core\2.30.38\aws-core-2.30.38.jar;C:\Users\win10pro\.m2\repository\software\amazon\awssdk\metrics-spi\2.30.38\metrics-spi-2.30.38.jar;C:\Users\win10pro\.m2\repository\software\amazon\awssdk\json-utils\2.30.38\json-utils-2.30.38.jar;C:\Users\win10pro\.m2\repository\software\amazon\awssdk\third-party-jackson-core\2.30.38\third-party-jackson-core-2.30.38.jar;C:\Users\win10pro\.m2\repository\software\amazon\awssdk\endpoints-spi\2.30.38\endpoints-spi-2.30.38.jar;C:\Users\win10pro\.m2\repository\software\amazon\awssdk\apache-client\2.30.38\apache-client-2.30.38.jar;C:\Users\win10pro\.m2\repository\org\apache\httpcomponents\httpclient\4.5.13\httpclient-4.5.13.jar;C:\Users\win10pro\.m2\repository\commons-logging\commons-logging\1.2\commons-logging-1.2.jar;C:\Users\win10pro\.m2\repository\org\apache\httpcomponents\httpcore\4.4.16\httpcore-4.4.16.jar;C:\Users\win10pro\.m2\repository\commons-codec\commons-codec\1.17.2\commons-codec-1.17.2.jar;C:\Users\win10pro\.m2\repository\software\amazon\awssdk\netty-nio-client\2.30.38\netty-nio-client-2.30.38.jar;C:\Users\win10pro\.m2\repository\io\netty\netty-codec-http\4.1.118.Final\netty-codec-http-4.1.118.Final.jar;C:\Users\win10pro\.m2\repository\io\netty\netty-codec-http2\4.1.118.Final\netty-codec-http2-4.1.118.Final.jar;C:\Users\win10pro\.m2\repository\io\netty\netty-codec\4.1.118.Final\netty-codec-4.1.118.Final.jar;C:\Users\win10pro\.m2\repository\io\netty\netty-transport\4.1.118.Final\netty-transport-4.1.118.Final.jar;C:\Users\win10pro\.m2\repository\io\netty\netty-common\4.1.118.Final\netty-common-4.1.118.Final.jar;C:\Users\win10pro\.m2\repository\io\netty\netty-buffer\4.1.118.Final\netty-buffer-4.1.118.Final.jar;C:\Users\win10pro\.m2\repository\io\netty\netty-handler\4.1.118.Final\netty-handler-4.1.118.Final.jar;C:\Users\win10pro\.m2\repository\io\netty\netty-transport-native-unix-common\4.1.118.Final\netty-transport-native-unix-common-4.1.118.Final.jar;C:\Users\win10pro\.m2\repository\io\netty\netty-transport-classes-epoll\4.1.118.Final\netty-transport-classes-epoll-4.1.118.Final.jar;C:\Users\win10pro\.m2\repository\io\netty\netty-resolver\4.1.118.Final\netty-resolver-4.1.118.Final.jar;C:\Users\win10pro\.m2\repository\org\springframework\boot\spring-boot-starter-validation\3.4.3\spring-boot-starter-validation-3.4.3.jar;C:\Users\win10pro\.m2\repository\org\apache\tomcat\embed\tomcat-embed-el\10.1.36\tomcat-embed-el-10.1.36.jar;C:\Users\win10pro\.m2\repository\org\hibernate\validator\hibernate-validator\8.0.2.Final\hibernate-validator-8.0.2.Final.jar;C:\Users\win10pro\.m2\repository\jakarta\validation\jakarta.validation-api\3.0.2\jakarta.validation-api-3.0.2.jar;C:\Users\win10pro\.m2\repository\org\jboss\logging\jboss-logging\3.6.1.Final\jboss-logging-3.6.1.Final.jar;C:\Users\win10pro\.m2\repository\com\fasterxml\classmate\1.7.0\classmate-1.7.0.jar;C:\Users\win10pro\.m2\repository\io\github\cdimascio\dotenv-java\3.0.0\dotenv-java-3.0.0.jar;C:\Users\win10pro\.m2\repository\org\springframework\boot\spring-boot-starter-security\3.4.3\spring-boot-starter-security-3.4.3.jar;C:\Users\win10pro\.m2\repository\org\springframework\spring-aop\6.2.3\spring-aop-6.2.3.jar;C:\Users\win10pro\.m2\repository\org\springframework\security\spring-security-config\6.4.3\spring-security-config-6.4.3.jar;C:\Users\win10pro\.m2\repository\org\springframework\security\spring-security-web\6.4.3\spring-security-web-6.4.3.jar;C:\Users\win10pro\.m2\repository\io\jsonwebtoken\jjwt-api\0.11.5\jjwt-api-0.11.5.jar;C:\Users\win10pro\.m2\repository\io\jsonwebtoken\jjwt-impl\0.11.5\jjwt-impl-0.11.5.jar;C:\Users\win10pro\.m2\repository\io\jsonwebtoken\jjwt-jackson\0.11.5\jjwt-jackson-0.11.5.jar;C:\Users\win10pro\.m2\repository\com\fasterxml\jackson\core\jackson-databind\2.18.2\jackson-databind-2.18.2.jar;C:\Users\win10pro\.m2\repository\com\fasterxml\jackson\core\jackson-annotations\2.18.2\jackson-annotations-2.18.2.jar;C:\Users\win10pro\.m2\repository\com\fasterxml\jackson\core\jackson-core\2.18.2\jackson-core-2.18.2.jar;C:\Users\win10pro\.m2\repository\org\springframework\boot\spring-boot-starter-oauth2-resource-server\3.4.3\spring-boot-starter-oauth2-resource-server-3.4.3.jar;C:\Users\win10pro\.m2\repository\org\springframework\security\spring-security-core\6.4.3\spring-security-core-6.4.3.jar;C:\Users\win10pro\.m2\repository\org\springframework\security\spring-security-crypto\6.4.3\spring-security-crypto-6.4.3.jar;C:\Users\win10pro\.m2\repository\org\springframework\security\spring-security-oauth2-resource-server\6.4.3\spring-security-oauth2-resource-server-6.4.3.jar;C:\Users\win10pro\.m2\repository\org\springframework\security\spring-security-oauth2-core\6.4.3\spring-security-oauth2-core-6.4.3.jar;C:\Users\win10pro\.m2\repository\org\springframework\security\spring-security-oauth2-jose\6.4.3\spring-security-oauth2-jose-6.4.3.jar;C:\Users\win10pro\.m2\repository\com\nimbusds\nimbus-jose-jwt\9.37.3\nimbus-jose-jwt-9.37.3.jar;C:\Users\win10pro\.m2\repository\com\github\stephenc\jcip\jcip-annotations\1.0-1\jcip-annotations-1.0-1.jar;C:\Users\win10pro\.m2\repository\org\springframework\boot\spring-boot-starter-mail\3.4.3\spring-boot-starter-mail-3.4.3.jar;C:\Users\win10pro\.m2\repository\org\springframework\spring-context-support\6.2.3\spring-context-support-6.2.3.jar;C:\Users\win10pro\.m2\repository\org\eclipse\angus\jakarta.mail\2.0.3\jakarta.mail-2.0.3.jar;C:\Users\win10pro\.m2\repository\org\eclipse\angus\angus-activation\2.0.2\angus-activation-2.0.2.jar
Launcher Type: SUN_STANDARD

[Global flags]
     intx CICompilerCount                          = 4                                         {product} {ergonomic}
     uint ConcGCThreads                            = 2                                         {product} {ergonomic}
     uint G1ConcRefinementThreads                  = 8                                         {product} {ergonomic}
   size_t G1HeapRegionSize                         = 2097152                                   {product} {ergonomic}
    uintx GCDrainStackTargetSize                   = 64                                        {product} {ergonomic}
   size_t InitialHeapSize                          = 264241152                                 {product} {ergonomic}
     bool ManagementServer                         = true                                      {product} {command line}
   size_t MarkStackSize                            = 4194304                                   {product} {ergonomic}
   size_t MaxHeapSize                              = 4225761280                                {product} {ergonomic}
   size_t MinHeapDeltaBytes                        = 2097152                                   {product} {ergonomic}
   size_t MinHeapSize                              = 8388608                                   {product} {ergonomic}
    uintx NonNMethodCodeHeapSize                   = 4096                                   {pd product} {ergonomic}
    uintx NonProfiledCodeHeapSize                  = 0                                      {pd product} {ergonomic}
     bool ProfileInterpreter                       = false                                  {pd product} {command line}
    uintx ProfiledCodeHeapSize                     = 0                                      {pd product} {ergonomic}
   size_t SoftMaxHeapSize                          = 4225761280                             {manageable} {ergonomic}
     intx TieredStopAtLevel                        = 1                                         {product} {command line}
     bool UseCompressedOops                        = true                           {product lp64_product} {ergonomic}
     bool UseG1GC                                  = true                                      {product} {ergonomic}
     bool UseLargePagesIndividualAllocation        = false                                  {pd product} {ergonomic}

Logging:
Log output configuration:
 #0: stdout all=warning uptime,level,tags foldmultilines=false
 #1: stderr all=off uptime,level,tags foldmultilines=false

Environment Variables:
PATH=D:\bin\;C:\Program Files\Python312\Scripts\;C:\Program Files\Python312\;C:\WINDOWS\system32;C:\WINDOWS;C:\WINDOWS\System32\Wbem;C:\WINDOWS\System32\WindowsPowerShell\v1.0\;C:\WINDOWS\System32\OpenSSH\;C:\Program Files\Git\cmd;%AppData%\Programs\Python\Python311;C:\Users\win10pro\pythonInss;C:\Users\win10pro\pythonInss\Scripts;C:\Users\win10pro\AppData\Local\Programs\Python\Python312\;C:\Users\win10pro\AppData\Local\Programs\Python\Python312\Scripts\;D:\libraries\org\apache\maven;C:\Users\win10pro\AppData\Local\Programs\Python\Launcher\;C:\Users\win10pro\AppData\Local\Microsoft\WindowsApps;C:\Program Files\JetBrains\PyCharm Community Edition 2024.3\bin;;C:\Program Files\JetBrains\IntelliJ IDEA 2024.2.4\bin;;C:\Program Files\JetBrains\WebStorm 2024.2.3\bin;;C:\Users\win10pro\AppData\Local\Programs\cursor\resources\app\bin
USERNAME=win10pro
OS=Windows_NT
PROCESSOR_IDENTIFIER=Intel64 Family 6 Model 140 Stepping 1, GenuineIntel
TMP=C:\Users\win10pro\AppData\Local\Temp
TEMP=C:\Users\win10pro\AppData\Local\Temp




Periodic native trim disabled

---------------  S Y S T E M  ---------------

OS:
 Windows 11 , 64 bit Build 22621 (10.0.22621.2070)
OS uptime: 0 days 2:08 hours

CPU: total 8 (initial active 8) (4 cores per cpu, 2 threads per core) family 6 model 140 stepping 1 microcode 0xa4, cx8, cmov, fxsr, ht, mmx, 3dnowpref, sse, sse2, sse3, ssse3, sse4.1, sse4.2, popcnt, lzcnt, tsc, tscinvbit, avx, avx2, aes, erms, clmul, bmi1, bmi2, adx, avx512f, avx512dq, avx512cd, avx512bw, avx512vl, sha, fma, vzeroupper, avx512_vpopcntdq, avx512_vpclmulqdq, avx512_vaes, avx512_vnni, clflush, clflushopt, clwb, avx512_vbmi2, avx512_vbmi, rdtscp, rdpid, fsrm, gfni, avx512_bitalg, f16c, pku, cet_ibt, cet_ss, avx512_ifma
Processor Information for all 8 processors :
  Max Mhz: 2419, Current Mhz: 2419, Mhz Limit: 2419

Memory: 4k page, system-wide physical 16118M (14M free)
TotalPageFile size 29889M (AvailPageFile size 164M)
current process WorkingSet (physical memory assigned to process): 11M, peak: 11M
current process commit charge ("private bytes"): 55M, peak: 307M

vm_info: OpenJDK 64-Bit Server VM (21.0.5+11-LTS) for windows-amd64 JRE (21.0.5+11-LTS), built on 2024-10-11T20:58:34Z by "Administrator" with MS VC++ 16.10 / 16.11 (VS2019)

END.
